<?xml version="1.0" encoding="UTF-8"?>
<!-- Generated by org.testng.reporters.JUnitXMLReporter -->
<testsuite ignored="0" hostname="appus-HP-Pavilion-g6-Notebook-PC" failures="1" tests="1" name="CreateCompany" time="6.018" errors="0" timestamp="05 Jul 2021 07:01:16 GMT">
  <testcase classname="com.simplogics.testcases.CreateCompany" name="createCompany" time="5.502">
    <failure type="java.lang.AssertionError" message="expected [Company created successfully] but found [Duplicate company name]">
      <![CDATA[java.lang.AssertionError: expected [Company created successfully] but found [Duplicate company name]
at com.simplogics.base.TestBase.Asserttoast(TestBase.java:161)
at com.simplogics.testcases.CreateCompany.createCompany(CreateCompany.java:31)
... Removed 34 stack frames]]>
    </failure>
  </testcase> <!-- createCompany -->
</testsuite> <!-- CreateCompany -->
