<?xml version="1.0" encoding="UTF-8"?>
<!-- Generated by org.testng.reporters.JUnitXMLReporter -->
<testsuite ignored="0" hostname="appus-HP-Pavilion-g6-Notebook-PC" failures="1" tests="2" name="LoginTest" time="0.175" errors="0" timestamp="07 Jul 2021 08:34:55 GMT">
  <testcase classname="com.simplogics.testcases.LoginTest" name="loginTest" time="0.0">
    <skipped/>
  </testcase> <!-- loginTest -->
  <testcase classname="com.simplogics.testcases.LoginTest" name="loginTest" time="0.133">
    <failure type="java.lang.NullPointerException">
      <![CDATA[java.lang.NullPointerException
at com.simplogics.listeners.CustomListeners.onTestSkipped(CustomListeners.java:57)
... Removed 26 stack frames]]>
    </failure>
  </testcase> <!-- loginTest -->
</testsuite> <!-- LoginTest -->
