<?xml version="1.0" encoding="UTF-8"?>
<testng-results ignored="0" total="1" passed="1" failed="0" skipped="0">
  <reporter-output>
  </reporter-output>
  <suite started-at="2021-07-02T11:55:24Z" name="Data Driven Basics" finished-at="2021-07-02T11:55:32Z" duration-ms="7465">
    <groups>
    </groups>
    <test started-at="2021-07-02T11:55:24Z" name="LoginTest" finished-at="2021-07-02T11:55:32Z" duration-ms="7465">
      <class name="com.simplogics.testcases.LoginTest">
        <test-method is-config="true" signature="setup()[pri:0, instance:com.simplogics.testcases.LoginTest@8c3619e]" started-at="2021-07-02T11:55:05Z" name="setup" finished-at="2021-07-02T11:55:24Z" duration-ms="18874" status="PASS">
          <reporter-output>
          </reporter-output>
        </test-method> <!-- setup -->
        <test-method signature="loginTest(java.util.Hashtable)[pri:0, instance:com.simplogics.testcases.LoginTest@8c3619e]" started-at="2021-07-02T11:55:24Z" name="loginTest" data-provider="dp" finished-at="2021-07-02T11:55:32Z" duration-ms="7251" status="PASS">
          <params>
            <param index="0">
              <value>
                <![CDATA[{password=Power123, email=admin@simplogics.com}]]>
              </value>
            </param>
          </params>
          <reporter-output>
          </reporter-output>
        </test-method> <!-- loginTest -->
        <test-method is-config="true" signature="teardown()[pri:0, instance:com.simplogics.testcases.LoginTest@8c3619e]" started-at="2021-07-02T11:55:33Z" name="teardown" finished-at="2021-07-02T11:55:33Z" duration-ms="486" status="PASS">
          <reporter-output>
          </reporter-output>
        </test-method> <!-- teardown -->
      </class> <!-- com.simplogics.testcases.LoginTest -->
    </test> <!-- LoginTest -->
  </suite> <!-- Data Driven Basics -->
</testng-results>
