<?xml version="1.0" encoding="UTF-8"?>
<testng-results ignored="6" total="7" passed="0" failed="1" skipped="0">
  <reporter-output>
  </reporter-output>
  <suite started-at="2021-07-02T06:39:10Z" name="Default suite" finished-at="2021-07-02T06:39:12Z" duration-ms="1557">
    <groups>
    </groups>
    <test started-at="2021-07-02T06:39:10Z" name="Default test" finished-at="2021-07-02T06:39:12Z" duration-ms="1557">
      <class name="com.simplogics.utilities.TestUtil">
        <test-method is-config="true" signature="setup()[pri:0, instance:com.simplogics.utilities.TestUtil@6a988392]" started-at="2021-07-02T06:38:53Z" name="setup" finished-at="2021-07-02T06:39:10Z" duration-ms="17289" status="PASS">
          <reporter-output>
          </reporter-output>
        </test-method> <!-- setup -->
        <test-method is-config="true" signature="teardown()[pri:0, instance:com.simplogics.utilities.TestUtil@6a988392]" started-at="2021-07-02T06:39:13Z" name="teardown" finished-at="2021-07-02T06:39:13Z" duration-ms="599" status="PASS">
          <reporter-output>
          </reporter-output>
        </test-method> <!-- teardown -->
      </class> <!-- com.simplogics.utilities.TestUtil -->
      <class name="com.simplogics.testcases.LoginTest">
        <test-method signature="loginTest(java.util.Hashtable)[pri:0, instance:com.simplogics.testcases.LoginTest@1d71006f]" started-at="2021-07-02T06:39:10Z" name="loginTest" data-provider="dp" finished-at="2021-07-02T06:39:11Z" duration-ms="994" status="FAIL">
          <params>
            <param index="0">
              <value>
                <![CDATA[{password=Power123, email=admin@simplogics.com}]]>
              </value>
            </param>
          </params>
          <exception class="java.lang.NullPointerException">
            <full-stacktrace>
              <![CDATA[java.lang.NullPointerException
at com.simplogics.base.TestBase.type(TestBase.java:132)
at com.simplogics.testcases.LoginTest.loginTest(LoginTest.java:23)
at java.base/jdk.internal.reflect.NativeMethodAccessorImpl.invoke0(Native Method)
at java.base/jdk.internal.reflect.NativeMethodAccessorImpl.invoke(NativeMethodAccessorImpl.java:62)
at java.base/jdk.internal.reflect.DelegatingMethodAccessorImpl.invoke(DelegatingMethodAccessorImpl.java:43)
at java.base/java.lang.reflect.Method.invoke(Method.java:566)
at org.testng.internal.MethodInvocationHelper.invokeMethod(MethodInvocationHelper.java:124)
at org.testng.internal.Invoker.invokeMethod(Invoker.java:583)
at org.testng.internal.Invoker.invokeTestMethod(Invoker.java:719)
at org.testng.internal.Invoker.invokeTestMethods(Invoker.java:989)
at org.testng.internal.TestMethodWorker.invokeTestMethods(TestMethodWorker.java:125)
at org.testng.internal.TestMethodWorker.run(TestMethodWorker.java:109)
at org.testng.TestRunner.privateRun(TestRunner.java:648)
at org.testng.TestRunner.run(TestRunner.java:505)
at org.testng.SuiteRunner.runTest(SuiteRunner.java:455)
at org.testng.SuiteRunner.runSequentially(SuiteRunner.java:450)
at org.testng.SuiteRunner.privateRun(SuiteRunner.java:415)
at org.testng.SuiteRunner.run(SuiteRunner.java:364)
at org.testng.SuiteRunnerWorker.runSuite(SuiteRunnerWorker.java:52)
at org.testng.SuiteRunnerWorker.run(SuiteRunnerWorker.java:84)
at org.testng.TestNG.runSuitesSequentially(TestNG.java:1208)
at org.testng.TestNG.runSuitesLocally(TestNG.java:1137)
at org.testng.TestNG.runSuites(TestNG.java:1049)
at org.testng.TestNG.run(TestNG.java:1017)
at org.testng.remote.AbstractRemoteTestNG.run(AbstractRemoteTestNG.java:115)
at org.testng.remote.RemoteTestNG.initAndRun(RemoteTestNG.java:251)
at org.testng.remote.RemoteTestNG.main(RemoteTestNG.java:77)
]]>
            </full-stacktrace>
          </exception> <!-- java.lang.NullPointerException -->
          <reporter-output>
          </reporter-output>
        </test-method> <!-- loginTest -->
      </class> <!-- com.simplogics.testcases.LoginTest -->
    </test> <!-- Default test -->
  </suite> <!-- Default suite -->
</testng-results>
